e:\users\管理者\デスクトップ\制作系\ﾌﾟﾛｸﾞﾗﾑ関係\java\c++\javaの学習と並行して学ぶ\javaの学習と並行して学ぶ\x64\debug\vc143.pdb
e:\users\管理者\デスクトップ\制作系\ﾌﾟﾛｸﾞﾗﾑ関係\java\c++\javaの学習と並行して学ぶ\javaの学習と並行して学ぶ\x64\debug\vc143.idb
e:\users\管理者\デスクトップ\制作系\ﾌﾟﾛｸﾞﾗﾑ関係\java\c++\javaの学習と並行して学ぶ\javaの学習と並行して学ぶ\x64\debug\_1ー3ー2.obj
e:\users\管理者\デスクトップ\制作系\ﾌﾟﾛｸﾞﾗﾑ関係\java\c++\javaの学習と並行して学ぶ\javaの学習と並行して学ぶ\x64\debug\_2ー2.obj
e:\users\管理者\デスクトップ\制作系\ﾌﾟﾛｸﾞﾗﾑ関係\java\c++\javaの学習と並行して学ぶ\javaの学習と並行して学ぶ\x64\debug\class.obj
e:\users\管理者\デスクトップ\制作系\ﾌﾟﾛｸﾞﾗﾑ関係\java\c++\javaの学習と並行して学ぶ\javaの学習と並行して学ぶ\x64\debug\_2ー4.obj
e:\users\管理者\デスクトップ\制作系\ﾌﾟﾛｸﾞﾗﾑ関係\java\c++\javaの学習と並行して学ぶ\javaの学習と並行して学ぶ\x64\debug\class1.obj
e:\users\管理者\デスクトップ\制作系\ﾌﾟﾛｸﾞﾗﾑ関係\java\c++\javaの学習と並行して学ぶ\x64\debug\javaの学習と並行して学ぶ.exe
e:\users\管理者\デスクトップ\制作系\ﾌﾟﾛｸﾞﾗﾑ関係\java\c++\javaの学習と並行して学ぶ\javaの学習と並行して学ぶ\x64\debug\javaの学習と並行して学ぶ.ilk
e:\users\管理者\デスクトップ\制作系\ﾌﾟﾛｸﾞﾗﾑ関係\java\c++\javaの学習と並行して学ぶ\x64\debug\javaの学習と並行して学ぶ.pdb
e:\users\管理者\デスクトップ\制作系\ﾌﾟﾛｸﾞﾗﾑ関係\java\c++\javaの学習と並行して学ぶ\javaの学習と並行して学ぶ\x64\debug\javaの学習と並行して学ぶ.res
e:\users\管理者\デスクトップ\制作系\ﾌﾟﾛｸﾞﾗﾑ関係\java\c++\javaの学習と並行して学ぶ\javaの学習と並行して学ぶ\x64\debug\javaの学習と並行して学ぶ.tlog\cl.command.1.tlog
e:\users\管理者\デスクトップ\制作系\ﾌﾟﾛｸﾞﾗﾑ関係\java\c++\javaの学習と並行して学ぶ\javaの学習と並行して学ぶ\x64\debug\javaの学習と並行して学ぶ.tlog\cl.read.1.tlog
e:\users\管理者\デスクトップ\制作系\ﾌﾟﾛｸﾞﾗﾑ関係\java\c++\javaの学習と並行して学ぶ\javaの学習と並行して学ぶ\x64\debug\javaの学習と並行して学ぶ.tlog\cl.write.1.tlog
e:\users\管理者\デスクトップ\制作系\ﾌﾟﾛｸﾞﾗﾑ関係\java\c++\javaの学習と並行して学ぶ\javaの学習と並行して学ぶ\x64\debug\javaの学習と並行して学ぶ.tlog\link.command.1.tlog
e:\users\管理者\デスクトップ\制作系\ﾌﾟﾛｸﾞﾗﾑ関係\java\c++\javaの学習と並行して学ぶ\javaの学習と並行して学ぶ\x64\debug\javaの学習と並行して学ぶ.tlog\link.read.1.tlog
e:\users\管理者\デスクトップ\制作系\ﾌﾟﾛｸﾞﾗﾑ関係\java\c++\javaの学習と並行して学ぶ\javaの学習と並行して学ぶ\x64\debug\javaの学習と並行して学ぶ.tlog\link.write.1.tlog
e:\users\管理者\デスクトップ\制作系\ﾌﾟﾛｸﾞﾗﾑ関係\java\c++\javaの学習と並行して学ぶ\javaの学習と並行して学ぶ\x64\debug\javaの学習と並行して学ぶ.tlog\rc.command.1.tlog
e:\users\管理者\デスクトップ\制作系\ﾌﾟﾛｸﾞﾗﾑ関係\java\c++\javaの学習と並行して学ぶ\javaの学習と並行して学ぶ\x64\debug\javaの学習と並行して学ぶ.tlog\rc.read.1.tlog
e:\users\管理者\デスクトップ\制作系\ﾌﾟﾛｸﾞﾗﾑ関係\java\c++\javaの学習と並行して学ぶ\javaの学習と並行して学ぶ\x64\debug\javaの学習と並行して学ぶ.tlog\rc.write.1.tlog
